
ROM used:   1590/8192 (19%)
            1590/8192 (19%) including unused fragments

            0.5 Average locations per line
            4.2 Average locations per statement

RAM used:   23/368 (6%) at main() level
            45/368 (12%) worst case

Stack used: 0 worst case (0 in main + 0 for interrupts)
Stack size: 8

Lines Stmts  %   Files
----- ----- ---  -----
   60    34   9  main.c
   13     0   0  main.h
  707     0   0  C:\Program Files (x86)\PICC\Devices\16F877A.h
  249    88  23  lcd.h
 2228   258  68  C:\Program Files (x86)\PICC\Drivers\math.h
----- -----
 3257   380 Total

Page ROM  %  RAM    Vol Diff  Functions:
---- --- --- ---    --- ----  ----------
0     65   4   10             @FLT
0     31   2    2             @ITOF
0    117   7   13             @MULFF
0    204  13   14             @DIVFF
0     21   1    1             @delay_ms1
0      8   1    0             @const859
0     58   4    2    594  4.3  lcd_init
 Inline         3    620  3.8  lcd_read_byte
0     49   3    2    204  3.2  lcd_read_nibble
0     87   5    3    313  3.4  lcd_send_byte
0     43   3    1    336  1.9  lcd_send_nibble
0     35   2    4    335  5.5  lcd_gotoxy
0     36   2    1    272  4.1  lcd_putc
0     21   1    1             @delay_ms2
0    299  19   16   1108  5.3  MAIN
0      4   0    0             @const877
0     86   5    4             @PSTRINGC7_856
0      8   1    0             @const882
0     87   5    5             @PSTRINGCN7_856
 Inline         5             @FTOSD
0     79   5   13             @DIV3232
0    224  14   13             @PRINTF_L32D_856FPFPF
0      1   0    0             @const893
0      7   0    0             @const894
0      7   0    0             @const895
0      8   1    0             @const896
0      1   0    0             @const897
 Inline         0             @cinit1

Program metrics:
    Functions               8
    Statements              380
    Comments                544
    Volume (V)              5715
    Difficulty (D)          29.7
    Effort to implement (E) 169850
    Time to implement (T)   2 hours, 37 minutes
    Est Delivered Bugs (B)  1
    Cyclomatic Complexity   11
    Maintainability (MI)    84

 Segment     Used  Free
-----------  ----  ----
00000-00003     4  0  
00004-007FF  1586  458  
00800-00FFF     0  2048  
01000-017FF     0  2048  
01800-01FFF     0  2048  



